<?xml version="1.0" encoding="UTF-8"?>
<!-- Generated by org.testng.reporters.JUnitXMLReporter -->
<testsuite ignored="0" hostname="DESKTOP-4VI7QOT" failures="1" tests="1" name="Test" time="25.326" errors="0" timestamp="02 Jan 2025 16:53:36 GMT">
  <testcase classname="io.cucumber.testng.AbstractTestNGCucumberTests" name="runScenario" time="23.347">
    <failure type="java.lang.AssertionError" message="expected [false] but found [true]">
      <![CDATA[java.lang.AssertionError: expected [false] but found [true]
at agoda.stepDefinitions.HomePageSteps.validate_currency_menu(HomePageSteps.java:100)
at ✽.Validate currency menu(file:///C:/Users/MYPC/eclipse-workspace/Agoda.com/src/test/resources/Features/HomePage.feature:15)
... Removed 4 stack frames]]>
    </failure>
  </testcase> <!-- runScenario -->
</testsuite> <!-- Test -->
