<?xml version="1.0" encoding="UTF-8"?>
<testsuite xmlns:xsi="http://www.w3.org/2001/XMLSchema-instance" xsi:noNamespaceSchemaLocation="https://maven.apache.org/surefire/maven-surefire-plugin/xsd/surefire-test-report-3.0.xsd" version="3.0" name="TestSuite" time="11.023" tests="1" errors="0" skipped="0" failures="0">
  <properties>
[...]
</properties>
  <testcase name="runScenario[&quot;Title of your scenario&quot;, &quot;Test&quot;](1)" classname="agoda.testRunner.TestRunner" time="8.172">
    <system-out><![CDATA[[TestNGContentHandler] [WARN] It is strongly recommended to add "<!DOCTYPE suite SYSTEM "http://testng.org/testng-1.0.dtd" >" at the top of your file, otherwise TestNG may fail or not work as expected.

@tag @tag1
Scenario: Title of your scenario &amp#27;[90m# src/test/resources/Features/HomePage.feature:6&amp#27;[0m
  &amp#27;[32mGiven &amp#27;[0m&amp#27;[32muser opens browser&amp#27;[0m       &amp#27;[90m# agoda.stepDefinitions.HomePageSteps.user_opens_browser()&amp#27;[0m
  &amp#27;[32mAnd &amp#27;[0m&amp#27;[32mwait for &amp#27;[0m&amp#27;[32m&amp#27;[1m2&amp#27;[0m&amp#27;[32m seconds&amp#27;[0m         &amp#27;[90m# agoda.stepDefinitions.HomePageSteps.wait_for_seconds(java.lang.Integer)&amp#27;[0m
Done
  &amp#27;[32mThen &amp#27;[0m&amp#27;[32mcheck browser&amp#27;[0m             &amp#27;[90m# agoda.stepDefinitions.HomePageSteps.check_browser()&amp#27;[0m
]]></system-out>
  </testcase>
</testsuite>