<?xml version="1.0" encoding="UTF-8"?>
<testsuite xmlns:xsi="http://www.w3.org/2001/XMLSchema-instance" xsi:noNamespaceSchemaLocation="https://maven.apache.org/surefire/maven-surefire-plugin/xsd/surefire-test-report-3.0.xsd" version="3.0" name="TestSuite" time="53.481" tests="1" errors="0" skipped="0" failures="0">
  <properties>
[...]
</properties>
  <testcase name="runScenario[&quot;Verify Headers&quot;, &quot;Verify Home page contents&quot;](1)" classname="agoda.runner.TestRunner" time="50.001">
    <system-out><![CDATA[
@homePage @headers
Scenario: Verify Headers              &amp#27;[90m# src/test/resources/Features/HomePage.feature:6&amp#27;[0m
[INFO ] 2025-01-05 16:29:10.684 [main] Hooks - Browser launched
[INFO ] 2025-01-05 16:29:21.328 [main] HomePageSteps - Entered base Url
  &amp#27;[32mGiven &amp#27;[0m&amp#27;[32mUser is on Home page&amp#27;[0m          &amp#27;[90m# agoda.stepDefinitions.HomePageSteps.user_is_on_home_page()&amp#27;[0m
[INFO ] 2025-01-05 16:29:21.498 [main] HomePageSteps - App logo displayed
  &amp#27;[32mAnd &amp#27;[0m&amp#27;[32mValidates App logo&amp#27;[0m              &amp#27;[90m# agoda.stepDefinitions.HomePageSteps.validates_app_logo()&amp#27;[0m
[INFO ] 2025-01-05 16:29:25.038 [main] HomePageSteps - Clicked on Flight + Hotel menu
[INFO ] 2025-01-05 16:29:25.090 [main] HomePageSteps - Verified Flight + Hotel menu
  &amp#27;[32mAnd &amp#27;[0m&amp#27;[32mValidate Flight + Hotel menu&amp#27;[0m    &amp#27;[90m# agoda.stepDefinitions.HomePageSteps.validate_flight_hotel_menu()&amp#27;[0m
[INFO ] 2025-01-05 16:29:28.017 [main] HomePageSteps - Clicked on Hotels + Homes menu
[INFO ] 2025-01-05 16:29:28.037 [main] HomePageSteps - Verified Hotels + Homes menu
  &amp#27;[32mAnd &amp#27;[0m&amp#27;[32mValidate Hotels + Homes menu&amp#27;[0m    &amp#27;[90m# agoda.stepDefinitions.HomePageSteps.validate_hotels_homes_menu()&amp#27;[0m
[INFO ] 2025-01-05 16:29:28.381 [main] HomePageSteps - Clicked on Transport menu
[INFO ] 2025-01-05 16:29:28.605 [main] HomePageSteps - Transport options displayed
  &amp#27;[32mAnd &amp#27;[0m&amp#27;[32mValidate Transport menu&amp#27;[0m         &amp#27;[90m# agoda.stepDefinitions.HomePageSteps.validate_transport_menu()&amp#27;[0m
[INFO ] 2025-01-05 16:29:29.003 [main] HomePageSteps - Clicked on Coupons and Deals menu
[INFO ] 2025-01-05 16:29:31.908 [main] HomePageSteps - Verified Coupons and Deals menu
  &amp#27;[32mAnd &amp#27;[0m&amp#27;[32mValidate Coupons and Deals menu&amp#27;[0m &amp#27;[90m# agoda.stepDefinitions.HomePageSteps.validate_coupons_and_deals_menu()&amp#27;[0m
[INFO ] 2025-01-05 16:29:34.777 [main] HomePageSteps - Clicked on language menu
[INFO ] 2025-01-05 16:29:35.316 [main] HomePageSteps - Language options displayed
[INFO ] 2025-01-05 16:29:35.555 [main] HomePageSteps - Closed suggested languages
  &amp#27;[32mAnd &amp#27;[0m&amp#27;[32mValidate language menu&amp#27;[0m          &amp#27;[90m# agoda.stepDefinitions.HomePageSteps.validate_language_menu()&amp#27;[0m
[INFO ] 2025-01-05 16:29:36.712 [main] HomePageSteps - Clicked on currency menu
[INFO ] 2025-01-05 16:29:47.335 [main] HomePageSteps - Currency options displayed
[INFO ] 2025-01-05 16:29:53.065 [main] HomePageSteps - closed currency options
  &amp#27;[32mAnd &amp#27;[0m&amp#27;[32mValidate currency menu&amp#27;[0m          &amp#27;[90m# agoda.stepDefinitions.HomePageSteps.validate_currency_menu()&amp#27;[0m
[INFO ] 2025-01-05 16:29:55.141 [main] HomePageSteps - Clicked on Activities menu
[INFO ] 2025-01-05 16:29:55.270 [main] HomePageSteps - Verified Activities menu
  &amp#27;[32mThen &amp#27;[0m&amp#27;[32mValidate Activities menu&amp#27;[0m       &amp#27;[90m# agoda.stepDefinitions.HomePageSteps.validate_activities_menu()&amp#27;[0m
[INFO ] 2025-01-05 16:29:55.830 [main] Hooks - Browser closed
]]></system-out>
    <system-err><![CDATA[[main] INFO io.github.bonigarcia.wdm.WebDriverManager - Using chromedriver 131.0.6778.204 (resolved driver for Chrome 131)
[main] INFO io.github.bonigarcia.wdm.WebDriverManager - Exporting webdriver.chrome.driver as C:\Users\MYPC\.cache\selenium\chromedriver\win64\131.0.6778.204\chromedriver.exe
]]></system-err>
  </testcase>
</testsuite>