<?xml version="1.0" encoding="UTF-8"?>
<testng-results ignored="0" total="1" passed="1" failed="0" skipped="0">
  <reporter-output>
  </reporter-output>
  <suite started-at="2025-01-05T16:29:04 IST" name="Suite" finished-at="2025-01-05T16:29:56 IST" duration-ms="52452">
    <groups>
      <group name="cucumber">
        <method signature="AbstractTestNGCucumberTests.runScenario(io.cucumber.testng.PickleWrapper,io.cucumber.testng.FeatureWrapper)[pri:0, instance:agoda.runner.TestRunner@702657cc]" name="runScenario" class="io.cucumber.testng.AbstractTestNGCucumberTests"/>
      </group> <!-- cucumber -->
    </groups>
    <test started-at="2025-01-05T16:29:04 IST" name="Test" finished-at="2025-01-05T16:29:56 IST" duration-ms="52452">
      <class name="agoda.runner.TestRunner">
        <test-method is-config="true" signature="setUpClass(org.testng.ITestContext)[pri:0, instance:agoda.runner.TestRunner@702657cc]" started-at="2025-01-05T16:29:04 IST" name="setUpClass" finished-at="2025-01-05T16:29:05 IST" duration-ms="1613" status="PASS">
          <params>
            <param index="0">
              <value>
                <![CDATA[org.testng.TestRunner@7f6b57f2]]>
              </value>
            </param>
          </params>
          <reporter-output>
          </reporter-output>
        </test-method> <!-- setUpClass -->
        <test-method signature="runScenario(io.cucumber.testng.PickleWrapper,io.cucumber.testng.FeatureWrapper)[pri:0, instance:agoda.runner.TestRunner@702657cc]" started-at="2025-01-05T16:29:05 IST" name="runScenario" description="Runs Cucumber Scenarios" data-provider="scenarios" finished-at="2025-01-05T16:29:55 IST" duration-ms="50000" status="PASS">
          <params>
            <param index="0">
              <value>
                <![CDATA["Verify Headers"]]>
              </value>
            </param>
            <param index="1">
              <value>
                <![CDATA["Verify Home page contents"]]>
              </value>
            </param>
          </params>
          <reporter-output>
          </reporter-output>
        </test-method> <!-- runScenario -->
        <test-method is-config="true" signature="tearDownClass()[pri:0, instance:agoda.runner.TestRunner@702657cc]" started-at="2025-01-05T16:29:55 IST" name="tearDownClass" finished-at="2025-01-05T16:29:56 IST" duration-ms="762" status="PASS">
          <reporter-output>
          </reporter-output>
        </test-method> <!-- tearDownClass -->
      </class> <!-- agoda.runner.TestRunner -->
    </test> <!-- Test -->
  </suite> <!-- Suite -->
</testng-results>
