<?xml version="1.0" encoding="UTF-8"?>
<!-- Generated by org.testng.reporters.JUnitReportReporter -->
<testsuite hostname="DESKTOP-4VI7QOT" failures="1" tests="1" name="agoda.runner.TestRunner" time="23.347" errors="0" timestamp="02 Jan 2025 16:53:36 GMT" skipped="0">
  <testcase classname="agoda.runner.TestRunner" name="runScenario" time="23.347">
    <failure message="expected [false] but found [true]" type="java.lang.AssertionError">
      <![CDATA[java.lang.AssertionError: expected [false] but found [true]
at org.testng.Assert.fail(Assert.java:96)
at org.testng.Assert.failNotEquals(Assert.java:776)
at org.testng.Assert.assertFalse(Assert.java:65)
at org.testng.Assert.assertFalse(Assert.java:75)
at agoda.stepDefinitions.HomePageSteps.validate_currency_menu(HomePageSteps.java:100)
at ✽.Validate currency menu(file:///C:/Users/MYPC/eclipse-workspace/Agoda.com/src/test/resources/Features/HomePage.feature:15)
]]>
    </failure>
  </testcase> <!-- runScenario -->
</testsuite> <!-- agoda.runner.TestRunner -->
